<?xml version="1.0" encoding="UTF-8"?>
<testng-results ignored="0" total="1" passed="1" failed="0" skipped="0">
  <reporter-output>
  </reporter-output>
  <suite started-at="2023-02-22T14:45:25 IST" name="Default suite" finished-at="2023-02-22T14:45:29 IST" duration-ms="3388">
    <groups>
    </groups>
    <test started-at="2023-02-22T14:45:25 IST" name="Default test" finished-at="2023-02-22T14:45:29 IST" duration-ms="3388">
      <class name="DatafromFile">
        <test-method signature="addbook()[pri:0, instance:DatafromFile@22ef9844]" started-at="2023-02-22T14:45:25 IST" name="addbook" finished-at="2023-02-22T14:45:29 IST" duration-ms="3319" status="PASS">
          <reporter-output>
          </reporter-output>
        </test-method> <!-- addbook -->
      </class> <!-- DatafromFile -->
    </test> <!-- Default test -->
  </suite> <!-- Default suite -->
</testng-results>
